{
  "RSpec": {
    "coverage": {
      "/Users/carlosrodriguez/Desktop/erp_plus/engines/erp_users/lib/erp_users.rb": {
        "lines": [
          1,
          1,
          null,
          1,
          null,
          null
        ]
      },
      "/Users/carlosrodriguez/Desktop/erp_plus/engines/erp_users/lib/erp_users/engine.rb": {
        "lines": [
          1,
          null,
          1,
          1,
          1,
          null,
          1,
          1,
          null,
          1,
          1,
          null,
          null,
          null,
          null,
          1,
          null,
          null,
          1,
          1,
          1,
          null,
          null,
          null
        ]
      },
      "/Users/carlosrodriguez/Desktop/erp_plus/engines/erp_core/lib/erp_core.rb": {
        "lines": [
          1,
          1,
          null,
          1,
          null,
          null
        ]
      },
      "/Users/carlosrodriguez/Desktop/erp_plus/engines/erp_core/lib/erp_core/engine.rb": {
        "lines": [
          1,
          1,
          null,
          1,
          1,
          1,
          null,
          1,
          1,
          null,
          1,
          1,
          null,
          null,
          null,
          null,
          1,
          null,
          null,
          1,
          1,
          1,
          null,
          null,
          null
        ]
      },
      "/Users/carlosrodriguez/Desktop/erp_plus/engines/erp_core/app/components/erp_core/ui/flash_messages/base_component.rb": {
        "lines": [
          null,
          null,
          1,
          1,
          1,
          15,
          15,
          null,
          null,
          1,
          18,
          null,
          9,
          null,
          5,
          null,
          4,
          null,
          null,
          null,
          null
        ]
      },
      "/Users/carlosrodriguez/Desktop/erp_plus/engines/erp_core/app/components/erp_core/ui/modal/recovery/base_component.rb": {
        "lines": [
          null,
          null,
          1,
          1,
          1,
          1,
          1,
          null,
          null,
          null,
          null,
          null
        ]
      },
      "/Users/carlosrodriguez/Desktop/erp_plus/engines/erp_core/app/controllers/erp_core/users/registrations_controller.rb": {
        "lines": [
          1,
          1,
          1,
          1,
          null,
          1,
          null,
          1,
          null,
          4,
          null,
          4,
          null,
          null,
          1,
          null,
          null,
          1,
          1,
          null,
          null,
          null,
          1,
          3,
          null,
          null,
          null,
          null
        ]
      },
      "/Users/carlosrodriguez/Desktop/erp_plus/engines/erp_core/app/controllers/erp_core/application_controller.rb": {
        "lines": [
          1,
          1,
          1,
          null,
          null
        ]
      },
      "/Users/carlosrodriguez/Desktop/erp_plus/engines/erp_core/app/models/erp_core/admin.rb": {
        "lines": [
          1,
          1,
          1,
          null,
          null,
          null,
          1,
          null,
          null,
          1,
          9,
          null,
          null,
          null
        ]
      },
      "/Users/carlosrodriguez/Desktop/erp_plus/engines/erp_core/app/models/erp_core/application_record.rb": {
        "lines": [
          1,
          1,
          1,
          null,
          null
        ]
      },
      "/Users/carlosrodriguez/Desktop/erp_plus/engines/erp_core/app/models/erp_core/user.rb": {
        "lines": [
          1,
          1,
          1,
          null,
          null,
          null,
          1,
          null,
          null,
          null,
          null
        ]
      },
      "/Users/carlosrodriguez/Desktop/erp_plus/app/components/home/about/history/base_component.rb": {
        "lines": [
          null,
          null,
          1,
          null
        ]
      },
      "/Users/carlosrodriguez/Desktop/erp_plus/app/components/home/about/team/base_component.rb": {
        "lines": [
          null,
          null,
          1,
          1,
          7,
          null,
          null,
          1,
          null,
          1,
          null,
          10,
          null,
          null,
          null,
          null,
          null,
          null,
          null,
          1,
          11,
          null,
          8,
          null,
          1,
          null,
          1,
          null,
          1,
          null,
          null,
          null
        ]
      },
      "/Users/carlosrodriguez/Desktop/erp_plus/app/components/home/about/testimonials/base_component.rb": {
        "lines": [
          null,
          null,
          1,
          1,
          null,
          1,
          null,
          17,
          null,
          null,
          null,
          null,
          null
        ]
      },
      "/Users/carlosrodriguez/Desktop/erp_plus/app/components/home/about/values/base_component.rb": {
        "lines": [
          null,
          null,
          1,
          1,
          4,
          null,
          null,
          1,
          null,
          1,
          null,
          2,
          null,
          null,
          null,
          null,
          null
        ]
      },
      "/Users/carlosrodriguez/Desktop/erp_plus/app/components/home/index/cta/base_component.rb": {
        "lines": [
          null,
          null,
          1,
          1,
          12,
          12,
          12,
          12,
          null,
          null
        ]
      },
      "/Users/carlosrodriguez/Desktop/erp_plus/app/components/home/index/hero/base_component.rb": {
        "lines": [
          null,
          null,
          1,
          null
        ]
      },
      "/Users/carlosrodriguez/Desktop/erp_plus/app/components/home/index/pricing/base_component.rb": {
        "lines": [
          null,
          null,
          1,
          1,
          15,
          null,
          null
        ]
      },
      "/Users/carlosrodriguez/Desktop/erp_plus/app/components/ui/footer/base_component.rb": {
        "lines": [
          null,
          null,
          1,
          null
        ]
      },
      "/Users/carlosrodriguez/Desktop/erp_plus/app/components/ui/navbar/base_component.rb": {
        "lines": [
          null,
          null,
          1,
          null
        ]
      },
      "/Users/carlosrodriguez/Desktop/erp_plus/engines/erp_core/app/controllers/erp_core/users/passwords_controller.rb": {
        "lines": [
          1,
          1,
          1,
          1,
          null,
          1,
          null,
          null,
          1,
          1,
          null,
          null,
          null,
          1,
          1,
          null,
          null,
          null,
          null
        ]
      },
      "/Users/carlosrodriguez/Desktop/erp_plus/engines/erp_core/app/mailers/erp_core/user_mailer.rb": {
        "lines": [
          null,
          1,
          1,
          1,
          1,
          null,
          1,
          null,
          1,
          5,
          null,
          null
        ]
      },
      "/Users/carlosrodriguez/Desktop/erp_plus/engines/erp_core/app/controllers/erp_core/users/sessions_controller.rb": {
        "lines": [
          1,
          1,
          1,
          1,
          null,
          1,
          3,
          2,
          null,
          null,
          null,
          1,
          null,
          null,
          1,
          2,
          null,
          null,
          null,
          1,
          1,
          null,
          null,
          null,
          null
        ]
      },
      "/Users/carlosrodriguez/Desktop/erp_plus/engines/erp_users/app/controllers/erp_users/clients/dashboard_controller.rb": {
        "lines": [
          1,
          1,
          1,
          1,
          1,
          null,
          1,
          null,
          null,
          null,
          null,
          null,
          1,
          null,
          1,
          2,
          null,
          null,
          null,
          null
        ]
      },
      "/Users/carlosrodriguez/Desktop/erp_plus/engines/erp_users/app/controllers/erp_users/application_controller.rb": {
        "lines": [
          1,
          1,
          1,
          null,
          null
        ]
      },
      "/Users/carlosrodriguez/Desktop/erp_plus/engines/erp_users/app/components/erp_users/ui/navbar/base_component.rb": {
        "lines": [
          null,
          null,
          1,
          1,
          1,
          2,
          2,
          2,
          null,
          null,
          null
        ]
      },
      "/Users/carlosrodriguez/Desktop/erp_plus/engines/erp_users/app/components/erp_users/ui/sidebar/base_component.rb": {
        "lines": [
          null,
          null,
          1,
          1,
          1,
          2,
          null,
          null,
          1,
          6,
          null,
          null,
          null
        ]
      },
      "/Users/carlosrodriguez/Desktop/erp_plus/engines/erp_users/app/components/erp_users/ui/tabbar/base_component.rb": {
        "lines": [
          null,
          null,
          1,
          1,
          1,
          2,
          null,
          null,
          1,
          8,
          null,
          8,
          2,
          null,
          6,
          null,
          null,
          null,
          null
        ]
      },
      "/Users/carlosrodriguez/Desktop/erp_plus/app/controllers/home_controller.rb": {
        "lines": [
          1,
          1,
          null,
          1,
          null
        ]
      }
    },
    "timestamp": 1763612822
  }
}
